C:\DOCUMENTS AND SETTINGS\Администратор\Мои документы\VISUAL STUDIO 2010\PROJECTS\KBDCONTROL\DEBUG\KBDCONTROL.DLL
C:\Documents and Settings\Администратор\Мои документы\Visual Studio 2010\Projects\kbdControl\Debug\kbdControl.exp
C:\DOCUMENTS AND SETTINGS\Администратор\Мои документы\VISUAL STUDIO 2010\PROJECTS\KBDCONTROL\DEBUG\KBDCONTROL.ILK
C:\Documents and Settings\Администратор\Мои документы\Visual Studio 2010\Projects\kbdControl\Debug\kbdControl.lib
C:\DOCUMENTS AND SETTINGS\АДМИНИСТРАТОР\МОИ ДОКУМЕНТЫ\VISUAL STUDIO 2010\PROJECTS\KBDCONTROL\DEBUG\KBDCONTROL.PDB
C:\DOCUMENTS AND SETTINGS\Администратор\Мои документы\VISUAL STUDIO 2010\PROJECTS\KBDCONTROL\KBDCONTROL\DEBUG\ADDINMETHOD.OBJ
C:\DOCUMENTS AND SETTINGS\Администратор\Мои документы\VISUAL STUDIO 2010\PROJECTS\KBDCONTROL\KBDCONTROL\DEBUG\ADDINPROPERTY.OBJ
C:\Documents and Settings\Администратор\Мои документы\Visual Studio 2010\Projects\kbdControl\kbdControl\Debug\cl.command.1.tlog
C:\Documents and Settings\Администратор\Мои документы\Visual Studio 2010\Projects\kbdControl\kbdControl\Debug\CL.read.1.tlog
C:\Documents and Settings\Администратор\Мои документы\Visual Studio 2010\Projects\kbdControl\kbdControl\Debug\CL.write.1.tlog
C:\DOCUMENTS AND SETTINGS\Администратор\Мои документы\VISUAL STUDIO 2010\PROJECTS\KBDCONTROL\KBDCONTROL\DEBUG\EXMETHOD.OBJ
C:\DOCUMENTS AND SETTINGS\администратор\мои документы\VISUAL STUDIO 2010\PROJECTS\KBDCONTROL\KBDCONTROL\DEBUG\KBDCONTROL.DLL.EMBED.MANIFEST
C:\DOCUMENTS AND SETTINGS\администратор\мои документы\VISUAL STUDIO 2010\PROJECTS\KBDCONTROL\KBDCONTROL\DEBUG\KBDCONTROL.DLL.EMBED.MANIFEST.RES
C:\DOCUMENTS AND SETTINGS\Администратор\Мои документы\VISUAL STUDIO 2010\PROJECTS\KBDCONTROL\KBDCONTROL\DEBUG\KBDCONTROL.DLL.INTERMEDIATE.MANIFEST
C:\DOCUMENTS AND SETTINGS\Администратор\Мои документы\VISUAL STUDIO 2010\PROJECTS\KBDCONTROL\KBDCONTROL\DEBUG\KBDCONTROL.OBJ
C:\Documents and Settings\Администратор\Мои документы\Visual Studio 2010\Projects\kbdControl\kbdControl\Debug\kbdControl.write.1.tlog
C:\Documents and Settings\Администратор\Мои документы\Visual Studio 2010\Projects\kbdControl\kbdControl\Debug\kbdControl_manifest.rc
C:\Documents and Settings\Администратор\Мои документы\Visual Studio 2010\Projects\kbdControl\kbdControl\Debug\link.2120.read.1.tlog
C:\Documents and Settings\Администратор\Мои документы\Visual Studio 2010\Projects\kbdControl\kbdControl\Debug\link.2120.write.1.tlog
C:\Documents and Settings\Администратор\Мои документы\Visual Studio 2010\Projects\kbdControl\kbdControl\Debug\link.2120-cvtres.read.1.tlog
C:\Documents and Settings\Администратор\Мои документы\Visual Studio 2010\Projects\kbdControl\kbdControl\Debug\link.2120-cvtres.write.1.tlog
C:\Documents and Settings\Администратор\Мои документы\Visual Studio 2010\Projects\kbdControl\kbdControl\Debug\link.2528.read.1.tlog
C:\Documents and Settings\Администратор\Мои документы\Visual Studio 2010\Projects\kbdControl\kbdControl\Debug\link.2528.write.1.tlog
C:\Documents and Settings\Администратор\Мои документы\Visual Studio 2010\Projects\kbdControl\kbdControl\Debug\link.2528-cvtres.read.1.tlog
C:\Documents and Settings\Администратор\Мои документы\Visual Studio 2010\Projects\kbdControl\kbdControl\Debug\link.2528-cvtres.write.1.tlog
C:\Documents and Settings\Администратор\Мои документы\Visual Studio 2010\Projects\kbdControl\kbdControl\Debug\link.2672.read.1.tlog
C:\Documents and Settings\Администратор\Мои документы\Visual Studio 2010\Projects\kbdControl\kbdControl\Debug\link.2672.write.1.tlog
C:\Documents and Settings\Администратор\Мои документы\Visual Studio 2010\Projects\kbdControl\kbdControl\Debug\link.2672-cvtres.read.1.tlog
C:\Documents and Settings\Администратор\Мои документы\Visual Studio 2010\Projects\kbdControl\kbdControl\Debug\link.2672-cvtres.write.1.tlog
C:\Documents and Settings\Администратор\Мои документы\Visual Studio 2010\Projects\kbdControl\kbdControl\Debug\link.2812.read.1.tlog
C:\Documents and Settings\Администратор\Мои документы\Visual Studio 2010\Projects\kbdControl\kbdControl\Debug\link.2812.write.1.tlog
C:\Documents and Settings\Администратор\Мои документы\Visual Studio 2010\Projects\kbdControl\kbdControl\Debug\link.2812-cvtres.read.1.tlog
C:\Documents and Settings\Администратор\Мои документы\Visual Studio 2010\Projects\kbdControl\kbdControl\Debug\link.2812-cvtres.write.1.tlog
C:\Documents and Settings\Администратор\Мои документы\Visual Studio 2010\Projects\kbdControl\kbdControl\Debug\link.2880.read.1.tlog
C:\Documents and Settings\Администратор\Мои документы\Visual Studio 2010\Projects\kbdControl\kbdControl\Debug\link.2880.write.1.tlog
C:\Documents and Settings\Администратор\Мои документы\Visual Studio 2010\Projects\kbdControl\kbdControl\Debug\link.2880-cvtres.read.1.tlog
C:\Documents and Settings\Администратор\Мои документы\Visual Studio 2010\Projects\kbdControl\kbdControl\Debug\link.2880-cvtres.write.1.tlog
C:\Documents and Settings\Администратор\Мои документы\Visual Studio 2010\Projects\kbdControl\kbdControl\Debug\link.3000.read.1.tlog
C:\Documents and Settings\Администратор\Мои документы\Visual Studio 2010\Projects\kbdControl\kbdControl\Debug\link.3000.write.1.tlog
C:\Documents and Settings\Администратор\Мои документы\Visual Studio 2010\Projects\kbdControl\kbdControl\Debug\link.3000-cvtres.read.1.tlog
C:\Documents and Settings\Администратор\Мои документы\Visual Studio 2010\Projects\kbdControl\kbdControl\Debug\link.3000-cvtres.write.1.tlog
C:\Documents and Settings\Администратор\Мои документы\Visual Studio 2010\Projects\kbdControl\kbdControl\Debug\link.3020.read.1.tlog
C:\Documents and Settings\Администратор\Мои документы\Visual Studio 2010\Projects\kbdControl\kbdControl\Debug\link.3020.write.1.tlog
C:\Documents and Settings\Администратор\Мои документы\Visual Studio 2010\Projects\kbdControl\kbdControl\Debug\link.3020-cvtres.read.1.tlog
C:\Documents and Settings\Администратор\Мои документы\Visual Studio 2010\Projects\kbdControl\kbdControl\Debug\link.3020-cvtres.write.1.tlog
C:\Documents and Settings\Администратор\Мои документы\Visual Studio 2010\Projects\kbdControl\kbdControl\Debug\link.3080.read.1.tlog
C:\Documents and Settings\Администратор\Мои документы\Visual Studio 2010\Projects\kbdControl\kbdControl\Debug\link.3080.write.1.tlog
C:\Documents and Settings\Администратор\Мои документы\Visual Studio 2010\Projects\kbdControl\kbdControl\Debug\link.3080-cvtres.read.1.tlog
C:\Documents and Settings\Администратор\Мои документы\Visual Studio 2010\Projects\kbdControl\kbdControl\Debug\link.3080-cvtres.write.1.tlog
C:\Documents and Settings\Администратор\Мои документы\Visual Studio 2010\Projects\kbdControl\kbdControl\Debug\link.3100.read.1.tlog
C:\Documents and Settings\Администратор\Мои документы\Visual Studio 2010\Projects\kbdControl\kbdControl\Debug\link.3100.write.1.tlog
C:\Documents and Settings\Администратор\Мои документы\Visual Studio 2010\Projects\kbdControl\kbdControl\Debug\link.3100-cvtres.read.1.tlog
C:\Documents and Settings\Администратор\Мои документы\Visual Studio 2010\Projects\kbdControl\kbdControl\Debug\link.3100-cvtres.write.1.tlog
C:\Documents and Settings\Администратор\Мои документы\Visual Studio 2010\Projects\kbdControl\kbdControl\Debug\link.3548.read.1.tlog
C:\Documents and Settings\Администратор\Мои документы\Visual Studio 2010\Projects\kbdControl\kbdControl\Debug\link.3548.write.1.tlog
C:\Documents and Settings\Администратор\Мои документы\Visual Studio 2010\Projects\kbdControl\kbdControl\Debug\link.3548-cvtres.read.1.tlog
C:\Documents and Settings\Администратор\Мои документы\Visual Studio 2010\Projects\kbdControl\kbdControl\Debug\link.3548-cvtres.write.1.tlog
C:\Documents and Settings\Администратор\Мои документы\Visual Studio 2010\Projects\kbdControl\kbdControl\Debug\link.3556.read.1.tlog
C:\Documents and Settings\Администратор\Мои документы\Visual Studio 2010\Projects\kbdControl\kbdControl\Debug\link.3556.write.1.tlog
C:\Documents and Settings\Администратор\Мои документы\Visual Studio 2010\Projects\kbdControl\kbdControl\Debug\link.3556-cvtres.read.1.tlog
C:\Documents and Settings\Администратор\Мои документы\Visual Studio 2010\Projects\kbdControl\kbdControl\Debug\link.3556-cvtres.write.1.tlog
C:\Documents and Settings\Администратор\Мои документы\Visual Studio 2010\Projects\kbdControl\kbdControl\Debug\link.3588.read.1.tlog
C:\Documents and Settings\Администратор\Мои документы\Visual Studio 2010\Projects\kbdControl\kbdControl\Debug\link.3588.write.1.tlog
C:\Documents and Settings\Администратор\Мои документы\Visual Studio 2010\Projects\kbdControl\kbdControl\Debug\link.3588-cvtres.read.1.tlog
C:\Documents and Settings\Администратор\Мои документы\Visual Studio 2010\Projects\kbdControl\kbdControl\Debug\link.3588-cvtres.write.1.tlog
C:\Documents and Settings\Администратор\Мои документы\Visual Studio 2010\Projects\kbdControl\kbdControl\Debug\link.3604.read.1.tlog
C:\Documents and Settings\Администратор\Мои документы\Visual Studio 2010\Projects\kbdControl\kbdControl\Debug\link.3604.write.1.tlog
C:\Documents and Settings\Администратор\Мои документы\Visual Studio 2010\Projects\kbdControl\kbdControl\Debug\link.3604-cvtres.read.1.tlog
C:\Documents and Settings\Администратор\Мои документы\Visual Studio 2010\Projects\kbdControl\kbdControl\Debug\link.3604-cvtres.write.1.tlog
C:\Documents and Settings\Администратор\Мои документы\Visual Studio 2010\Projects\kbdControl\kbdControl\Debug\link.3716.read.1.tlog
C:\Documents and Settings\Администратор\Мои документы\Visual Studio 2010\Projects\kbdControl\kbdControl\Debug\link.3716.write.1.tlog
C:\Documents and Settings\Администратор\Мои документы\Visual Studio 2010\Projects\kbdControl\kbdControl\Debug\link.3716-cvtres.read.1.tlog
C:\Documents and Settings\Администратор\Мои документы\Visual Studio 2010\Projects\kbdControl\kbdControl\Debug\link.3716-cvtres.write.1.tlog
C:\Documents and Settings\Администратор\Мои документы\Visual Studio 2010\Projects\kbdControl\kbdControl\Debug\link.3820.read.1.tlog
C:\Documents and Settings\Администратор\Мои документы\Visual Studio 2010\Projects\kbdControl\kbdControl\Debug\link.3820.write.1.tlog
C:\Documents and Settings\Администратор\Мои документы\Visual Studio 2010\Projects\kbdControl\kbdControl\Debug\link.3820-cvtres.read.1.tlog
C:\Documents and Settings\Администратор\Мои документы\Visual Studio 2010\Projects\kbdControl\kbdControl\Debug\link.3820-cvtres.write.1.tlog
C:\Documents and Settings\Администратор\Мои документы\Visual Studio 2010\Projects\kbdControl\kbdControl\Debug\link.3984.read.1.tlog
C:\Documents and Settings\Администратор\Мои документы\Visual Studio 2010\Projects\kbdControl\kbdControl\Debug\link.3984.write.1.tlog
C:\Documents and Settings\Администратор\Мои документы\Visual Studio 2010\Projects\kbdControl\kbdControl\Debug\link.3984-cvtres.read.1.tlog
C:\Documents and Settings\Администратор\Мои документы\Visual Studio 2010\Projects\kbdControl\kbdControl\Debug\link.3984-cvtres.write.1.tlog
C:\Documents and Settings\Администратор\Мои документы\Visual Studio 2010\Projects\kbdControl\kbdControl\Debug\link.4000.read.1.tlog
C:\Documents and Settings\Администратор\Мои документы\Visual Studio 2010\Projects\kbdControl\kbdControl\Debug\link.4000.write.1.tlog
C:\Documents and Settings\Администратор\Мои документы\Visual Studio 2010\Projects\kbdControl\kbdControl\Debug\link.4000-cvtres.read.1.tlog
C:\Documents and Settings\Администратор\Мои документы\Visual Studio 2010\Projects\kbdControl\kbdControl\Debug\link.4000-cvtres.write.1.tlog
C:\Documents and Settings\Администратор\Мои документы\Visual Studio 2010\Projects\kbdControl\kbdControl\Debug\link.command.1.tlog
C:\Documents and Settings\Администратор\Мои документы\Visual Studio 2010\Projects\kbdControl\kbdControl\Debug\link.read.1.tlog
C:\Documents and Settings\Администратор\Мои документы\Visual Studio 2010\Projects\kbdControl\kbdControl\Debug\link.write.1.tlog
C:\Documents and Settings\Администратор\Мои документы\Visual Studio 2010\Projects\kbdControl\kbdControl\Debug\link-cvtres.read.1.tlog
C:\Documents and Settings\Администратор\Мои документы\Visual Studio 2010\Projects\kbdControl\kbdControl\Debug\link-cvtres.write.1.tlog
C:\Documents and Settings\Администратор\Мои документы\Visual Studio 2010\Projects\kbdControl\kbdControl\Debug\mt.command.1.tlog
C:\Documents and Settings\Администратор\Мои документы\Visual Studio 2010\Projects\kbdControl\kbdControl\Debug\mt.read.1.tlog
C:\Documents and Settings\Администратор\Мои документы\Visual Studio 2010\Projects\kbdControl\kbdControl\Debug\mt.write.1.tlog
C:\DOCUMENTS AND SETTINGS\Администратор\Мои документы\VISUAL STUDIO 2010\PROJECTS\KBDCONTROL\KBDCONTROL\DEBUG\PUBFUNCTIONS.OBJ
C:\Documents and Settings\Администратор\Мои документы\Visual Studio 2010\Projects\kbdControl\kbdControl\Debug\rc.command.1.tlog
C:\Documents and Settings\Администратор\Мои документы\Visual Studio 2010\Projects\kbdControl\kbdControl\Debug\rc.read.1.tlog
C:\Documents and Settings\Администратор\Мои документы\Visual Studio 2010\Projects\kbdControl\kbdControl\Debug\rc.write.1.tlog
C:\Documents and Settings\Администратор\Мои документы\Visual Studio 2010\Projects\kbdControl\kbdControl\Debug\vc100.idb
C:\DOCUMENTS AND SETTINGS\АДМИНИСТРАТОР\МОИ ДОКУМЕНТЫ\VISUAL STUDIO 2010\PROJECTS\KBDCONTROL\KBDCONTROL\DEBUG\VC100.PDB
